  SubDSP.cpp
C:\Users\stenh\source\repos\gespel\TheSubSystem\Source\SubDSP.cpp(20,103): warning C4458: Deklaration von "sampleRate" blendet Klassenmember aus
C:\Users\stenh\source\repos\gespel\TheSubSystem\Source\SubDSP.h(35,12): message : Siehe Deklaration von "SubDSP::sampleRate"
C:\Users\stenh\source\repos\gespel\TheSubSystem\Source\SubDSP.cpp(26,106): warning C4244: "Argument": Konvertierung von "int" in "NumericType", möglicher Datenverlust
          with
          [
              NumericType=float
          ]
C:\Users\stenh\source\repos\gespel\TheSubSystem\Source\SubDSP.cpp(31,118): warning C4244: "Argument": Konvertierung von "int" in "NumericType", möglicher Datenverlust
          with
          [
              NumericType=float
          ]
C:\Users\stenh\source\repos\gespel\TheSubSystem\Source\SubDSP.cpp(36,107): warning C4244: "Argument": Konvertierung von "int" in "NumericType", möglicher Datenverlust
          with
          [
              NumericType=float
          ]
C:\Users\stenh\source\repos\gespel\TheSubSystem\Source\SubDSP.cpp(41,119): warning C4244: "Argument": Konvertierung von "int" in "NumericType", möglicher Datenverlust
          with
          [
              NumericType=float
          ]
C:\Users\stenh\source\repos\gespel\TheSubSystem\Source\SubDSP.cpp(62,19): warning C4189: "outBuffer": Lokale Variable ist initialisiert aber nicht referenziert
  The SubSystem_App.vcxproj -> C:\Users\stenh\source\repos\gespel\TheSubSystem\Builds\VisualStudio2022\x64\Debug\App\The SubSystem.exe
